<?xml version="1.0" encoding="UTF-8"?>
<testng-results ignored="0" total="1" passed="1" failed="0" skipped="0">
  <reporter-output>
  </reporter-output>
  <suite started-at="2024-05-18T20:09:33 IST" name="Default suite" finished-at="2024-05-18T20:09:59 IST" duration-ms="25526">
    <groups>
    </groups>
    <test started-at="2024-05-18T20:09:33 IST" name="Default test" finished-at="2024-05-18T20:09:59 IST" duration-ms="25526">
      <class name="airline_test_cases.TC_15_Reach_Till_Payment_And_Select_Credit_Card">
        <test-method is-config="true" signature="Launch_Browser()[pri:0, instance:airline_test_cases.TC_15_Reach_Till_Payment_And_Select_Credit_Card@59662a0b]" started-at="2024-05-18T20:09:33 IST" name="Launch_Browser" finished-at="2024-05-18T20:09:39 IST" duration-ms="6013" status="PASS">
          <reporter-output>
          </reporter-output>
        </test-method> <!-- Launch_Browser -->
        <test-method signature="Credit_Card_Select()[pri:0, instance:airline_test_cases.TC_15_Reach_Till_Payment_And_Select_Credit_Card@59662a0b]" started-at="2024-05-18T20:09:39 IST" name="Credit_Card_Select" finished-at="2024-05-18T20:09:58 IST" duration-ms="19092" status="PASS">
          <reporter-output>
          </reporter-output>
        </test-method> <!-- Credit_Card_Select -->
        <test-method is-config="true" signature="Quit_Browser()[pri:0, instance:airline_test_cases.TC_15_Reach_Till_Payment_And_Select_Credit_Card@59662a0b]" started-at="2024-05-18T20:09:58 IST" name="Quit_Browser" finished-at="2024-05-18T20:09:59 IST" duration-ms="376" status="PASS">
          <reporter-output>
          </reporter-output>
        </test-method> <!-- Quit_Browser -->
      </class> <!-- airline_test_cases.TC_15_Reach_Till_Payment_And_Select_Credit_Card -->
    </test> <!-- Default test -->
  </suite> <!-- Default suite -->
</testng-results>
